{
  "stats": {
    "suites": 2,
    "tests": 4,
    "passes": 4,
    "pending": 0,
    "failures": 0,
    "start": "2021-01-04T00:08:31.653Z",
    "end": "2021-01-04T00:12:15.859Z",
    "duration": 224206,
    "testsRegistered": 4,
    "passPercent": 100,
    "pendingPercent": 0,
    "other": 0,
    "hasOther": false,
    "skipped": 0,
    "hasSkipped": false
  },
  "results": [
    {
      "uuid": "43c216cf-ff3a-48d0-a6c8-3d9d52c0c75e",
      "title": "",
      "fullFile": "",
      "file": "",
      "beforeHooks": [],
      "afterHooks": [],
      "tests": [],
      "suites": [
        {
          "uuid": "2b35bdb7-1fd3-4f6a-a600-6903d4766db6",
          "title": "CC FeesRegister Admin Acceptance Tests",
          "fullFile": "/Users/krishnakishorenuthalapati/feesadminfunctionaltests/ccfr-fees-register-admin-web/acceptance-tests/test/end-to-end/tests/CCFeesRegister_ApproverScreenValidation_test.js",
          "file": "/acceptance-tests/test/end-to-end/tests/CCFeesRegister_ApproverScreenValidation_test.js",
          "beforeHooks": [
            {
              "title": "\"before all\" hook: codeceptjs.beforeSuite",
              "fullTitle": "CC FeesRegister Admin Acceptance Tests \"before all\" hook: codeceptjs.beforeSuite",
              "timedOut": false,
              "duration": 6589,
              "state": null,
              "speed": null,
              "pass": false,
              "fail": false,
              "pending": false,
              "context": null,
              "code": "scenario.suiteSetup(suite)",
              "err": {},
              "uuid": "e0b53c6a-cb6b-4fe8-8625-584d7bb43f91",
              "parentUUID": "2b35bdb7-1fd3-4f6a-a600-6903d4766db6",
              "isHook": true,
              "skipped": false
            },
            {
              "title": "\"before all\" hook: BeforeSuite",
              "fullTitle": "CC FeesRegister Admin Acceptance Tests \"before all\" hook: BeforeSuite",
              "timedOut": false,
              "duration": 7935,
              "state": null,
              "speed": null,
              "pass": false,
              "fail": false,
              "pending": false,
              "context": null,
              "code": "I.amOnPage('/');\nI.wait(CCFRATConstants.twoSecondWaitTime);\nI.resizeWindow(CCFRATConstants.windowsSizeX, CCFRATConstants.windowsSizeY);",
              "err": {},
              "uuid": "edafd1df-0f59-4d40-9aef-cdc1c0629c06",
              "parentUUID": "2b35bdb7-1fd3-4f6a-a600-6903d4766db6",
              "isHook": true,
              "skipped": false
            },
            {
              "title": "\"before each\" hook: codeceptjs.before",
              "fullTitle": "CC FeesRegister Admin Acceptance Tests \"before each\" hook: codeceptjs.before",
              "timedOut": false,
              "duration": 0,
              "state": null,
              "speed": null,
              "pass": false,
              "fail": false,
              "pending": false,
              "context": null,
              "code": "scenario.setup(suite)",
              "err": {},
              "uuid": "39593532-dc51-48a5-b188-b2cefbe1f1c6",
              "parentUUID": "2b35bdb7-1fd3-4f6a-a600-6903d4766db6",
              "isHook": true,
              "skipped": false
            }
          ],
          "afterHooks": [
            {
              "title": "\"after all\" hook: codeceptjs.afterSuite",
              "fullTitle": "CC FeesRegister Admin Acceptance Tests \"after all\" hook: codeceptjs.afterSuite",
              "timedOut": false,
              "duration": 0,
              "state": null,
              "speed": null,
              "pass": false,
              "fail": false,
              "pending": false,
              "context": null,
              "code": "scenario.suiteTeardown(suite)",
              "err": {},
              "uuid": "11b9b42e-a97f-4cfb-881e-4d6a04be60e6",
              "parentUUID": "2b35bdb7-1fd3-4f6a-a600-6903d4766db6",
              "isHook": true,
              "skipped": false
            },
            {
              "title": "\"after each\" hook: finalize codeceptjs",
              "fullTitle": "CC FeesRegister Admin Acceptance Tests \"after each\" hook: finalize codeceptjs",
              "timedOut": false,
              "duration": 0,
              "state": null,
              "speed": null,
              "pass": false,
              "fail": false,
              "pending": false,
              "context": null,
              "code": "scenario.teardown(suite)",
              "err": {},
              "uuid": "b60dc14a-7b69-48d6-a276-920d83dfbf71",
              "parentUUID": "2b35bdb7-1fd3-4f6a-a600-6903d4766db6",
              "isHook": true,
              "skipped": false
            }
          ],
          "tests": [
            {
              "title": "FeesRegister Admin Console Approver Screen Validation",
              "fullTitle": "CC FeesRegister Admin Acceptance Tests: FeesRegister Admin Console Approver Screen Validation",
              "timedOut": false,
              "duration": 34003,
              "state": "passed",
              "speed": "slow",
              "pass": true,
              "fail": false,
              "pending": false,
              "context": null,
              "code": "I.login('functionaltestapprover@hmcts.net', 'LevelAt12');\nI.wait(CCFRATConstants.tenSecondWaitTime);\nI.waitForText('Welcome', CCFRATConstants.tenSecondWaitTime);\nI.see('View all fees');\nI.see('View all discontinued fees');\nI.see('My open actions');\nI.see('Applicants');\nI.see('Jurisdictions 1');\nI.see('Jurisdictions 2');\nI.see('Services');\nI.see('Channels');\nI.see('Events');\nI.see('Directions');\nI.Logout(\"approver\");",
              "err": {},
              "uuid": "85ecb5f9-6b48-4339-b1a8-20b401600c04",
              "parentUUID": "2b35bdb7-1fd3-4f6a-a600-6903d4766db6",
              "isHook": false,
              "skipped": false
            },
            {
              "title": "FeesRegister Verify New fee for Approval",
              "fullTitle": "CC FeesRegister Admin Acceptance Tests: FeesRegister Verify New fee for Approval",
              "timedOut": false,
              "duration": 78187,
              "state": "passed",
              "speed": "slow",
              "pass": true,
              "fail": false,
              "pending": false,
              "context": null,
              "code": "const feeKeyword = \"SN\" + faker.random.number(RANDOM_NUMBER);\nconst submitBtnVisibilityChk = true;\nI.login('functionaltesteditor@hmcts.net', 'LevelAt12');\nI.wait(CCFRATConstants.twoSecondWaitTime);\nI.waitForText('Welcome', CCFRATConstants.tenSecondWaitTime);\nI.see('Add a new fee');\nI.addNewFee(feeKeyword);\n // I.waitForText('Fee Created', CCFRATConstants.tenSecondWaitTime);\n // I.see('Fee has been created successfully.');\nI.wait(10);\nI.click('Return to welcome page');\nI.wait(CCFRATConstants.twoSecondWaitTime);\nI.waitForText('Welcome', CCFRATConstants.tenSecondWaitTime);\nI.submitForApproval(feeKeyword, submitBtnVisibilityChk);\nI.Logout(\"editor\");\nI.login('functionaltestapprover@hmcts.net', 'LevelAt12');\nI.wait(CCFRATConstants.twoSecondWaitTime);\nI.waitForText('Welcome', CCFRATConstants.tenSecondWaitTime);\nI.verifyFeesSentForApproval(feeKeyword);\nI.Logout(\"approver\");",
              "err": {},
              "uuid": "b556ab02-f135-4f9a-b30b-f412ae8b9394",
              "parentUUID": "2b35bdb7-1fd3-4f6a-a600-6903d4766db6",
              "isHook": false,
              "skipped": false
            }
          ],
          "suites": [],
          "passes": [
            "85ecb5f9-6b48-4339-b1a8-20b401600c04",
            "b556ab02-f135-4f9a-b30b-f412ae8b9394"
          ],
          "failures": [],
          "pending": [],
          "skipped": [],
          "duration": 112190,
          "root": false,
          "rootEmpty": false,
          "_timeout": 0
        },
        {
          "uuid": "6688482b-668a-4888-9212-1a49f736dc63",
          "title": "CC FeesRegister Admin Acceptance Tests",
          "fullFile": "/Users/krishnakishorenuthalapati/feesadminfunctionaltests/ccfr-fees-register-admin-web/acceptance-tests/test/end-to-end/tests/CCFeesRegister_EditorScreenValidation_test.js",
          "file": "/acceptance-tests/test/end-to-end/tests/CCFeesRegister_EditorScreenValidation_test.js",
          "beforeHooks": [
            {
              "title": "\"before all\" hook: codeceptjs.beforeSuite",
              "fullTitle": "CC FeesRegister Admin Acceptance Tests \"before all\" hook: codeceptjs.beforeSuite",
              "timedOut": false,
              "duration": 0,
              "state": null,
              "speed": null,
              "pass": false,
              "fail": false,
              "pending": false,
              "context": null,
              "code": "scenario.suiteSetup(suite)",
              "err": {},
              "uuid": "d59dbfe2-63d5-4654-81bd-0a5c6289f44a",
              "parentUUID": "6688482b-668a-4888-9212-1a49f736dc63",
              "isHook": true,
              "skipped": false
            },
            {
              "title": "\"before all\" hook: BeforeSuite",
              "fullTitle": "CC FeesRegister Admin Acceptance Tests \"before all\" hook: BeforeSuite",
              "timedOut": false,
              "duration": 5582,
              "state": null,
              "speed": null,
              "pass": false,
              "fail": false,
              "pending": false,
              "context": null,
              "code": "I.amOnPage('/');\nI.wait(CCFRATConstants.twoSecondWaitTime);\nI.resizeWindow(CCFRATConstants.windowsSizeX, CCFRATConstants.windowsSizeY);",
              "err": {},
              "uuid": "eea75ac9-c07c-4375-9eb0-48d5cd92b29f",
              "parentUUID": "6688482b-668a-4888-9212-1a49f736dc63",
              "isHook": true,
              "skipped": false
            },
            {
              "title": "\"before each\" hook: codeceptjs.before",
              "fullTitle": "CC FeesRegister Admin Acceptance Tests \"before each\" hook: codeceptjs.before",
              "timedOut": false,
              "duration": 0,
              "state": null,
              "speed": null,
              "pass": false,
              "fail": false,
              "pending": false,
              "context": null,
              "code": "scenario.setup(suite)",
              "err": {},
              "uuid": "64b1dea5-72a6-44fe-a2b5-b90831e3cf54",
              "parentUUID": "6688482b-668a-4888-9212-1a49f736dc63",
              "isHook": true,
              "skipped": false
            }
          ],
          "afterHooks": [
            {
              "title": "\"after all\" hook: codeceptjs.afterSuite",
              "fullTitle": "CC FeesRegister Admin Acceptance Tests \"after all\" hook: codeceptjs.afterSuite",
              "timedOut": false,
              "duration": 0,
              "state": null,
              "speed": null,
              "pass": false,
              "fail": false,
              "pending": false,
              "context": null,
              "code": "scenario.suiteTeardown(suite)",
              "err": {},
              "uuid": "3c69d0e7-1dbf-46f9-8476-7870d3c70635",
              "parentUUID": "6688482b-668a-4888-9212-1a49f736dc63",
              "isHook": true,
              "skipped": false
            },
            {
              "title": "\"after each\" hook: finalize codeceptjs",
              "fullTitle": "CC FeesRegister Admin Acceptance Tests \"after each\" hook: finalize codeceptjs",
              "timedOut": false,
              "duration": 0,
              "state": null,
              "speed": null,
              "pass": false,
              "fail": false,
              "pending": false,
              "context": null,
              "code": "scenario.teardown(suite)",
              "err": {},
              "uuid": "f768d57b-a4fa-4b80-bbee-2aa2ace9bbb9",
              "parentUUID": "6688482b-668a-4888-9212-1a49f736dc63",
              "isHook": true,
              "skipped": false
            }
          ],
          "tests": [
            {
              "title": "FeesRegister Admin Console Editor Screen Validation",
              "fullTitle": "CC FeesRegister Admin Acceptance Tests: FeesRegister Admin Console Editor Screen Validation",
              "timedOut": false,
              "duration": 36551,
              "state": "passed",
              "speed": "slow",
              "pass": true,
              "fail": false,
              "pending": false,
              "context": null,
              "code": "I.login('functionaltesteditor@hmcts.net', 'LevelAt12');\nI.wait(CCFRATConstants.tenSecondWaitTime);\nI.waitForText('Welcome', CCFRATConstants.tenSecondWaitTime);\nI.see('Choose an action');\nI.see('Reference Data');\nI.see('Add a new fee');\nI.see('Upload fees');\nI.see('View all fees');\nI.see('View all discontinued fees');\nI.see('My open actions');\nI.see('Applicants');\nI.see('Jurisdictions 1');\nI.see('Jurisdictions 2');\nI.see('Services');\nI.see('Channels');\nI.see('Events');\nI.see('Directions');\nI.Logout(\"editor\");",
              "err": {},
              "uuid": "bb7eb579-f6da-4561-82c5-18486d8002a5",
              "parentUUID": "6688482b-668a-4888-9212-1a49f736dc63",
              "isHook": false,
              "skipped": false
            },
            {
              "title": "FeesRegister Add New Fee and Submit for Approval",
              "fullTitle": "CC FeesRegister Admin Acceptance Tests: FeesRegister Add New Fee and Submit for Approval",
              "timedOut": false,
              "duration": 55347,
              "state": "passed",
              "speed": "slow",
              "pass": true,
              "fail": false,
              "pending": false,
              "context": null,
              "code": "const feeKeyword = \"SN\" + faker.random.number(RANDOM_NUMBER);\nconst submitBtnVisibilityChk = true;\nI.login('functionaltesteditor@hmcts.net', 'LevelAt12');\nI.wait(CCFRATConstants.twoSecondWaitTime);\nI.waitForText('Welcome', CCFRATConstants.tenSecondWaitTime);\nI.see('Choose an action');\nI.see('Add a new fee');\nI.addNewFee(feeKeyword);\nI.wait(10);\n // I.waitForText('Fee Created', CCFRATConstants.twoSecondWaitTime);\n // I.see('Fee has been created successfully.');\nI.click('Return to welcome page');\nI.wait(CCFRATConstants.twoSecondWaitTime);\nI.waitForText('Welcome', CCFRATConstants.tenSecondWaitTime);\nI.submitForApproval(feeKeyword, submitBtnVisibilityChk);\nI.Logout(\"editor\");",
              "err": {},
              "uuid": "c6c06208-f702-44e3-911c-d17dfd4cc54c",
              "parentUUID": "6688482b-668a-4888-9212-1a49f736dc63",
              "isHook": false,
              "skipped": false
            }
          ],
          "suites": [],
          "passes": [
            "bb7eb579-f6da-4561-82c5-18486d8002a5",
            "c6c06208-f702-44e3-911c-d17dfd4cc54c"
          ],
          "failures": [],
          "pending": [],
          "skipped": [],
          "duration": 91898,
          "root": false,
          "rootEmpty": false,
          "_timeout": 0
        }
      ],
      "passes": [],
      "failures": [],
      "pending": [],
      "skipped": [],
      "duration": 0,
      "root": true,
      "rootEmpty": true,
      "_timeout": 0
    }
  ],
  "meta": {
    "mocha": {
      "version": "5.2.0"
    },
    "mochawesome": {
      "options": {
        "quiet": false,
        "reportFilename": "mochawesome",
        "saveHtml": true,
        "saveJson": true,
        "consoleReporter": "spec",
        "useInlineDiffs": false
      },
      "version": "4.1.0"
    },
    "marge": {
      "options": {
        "mochaFile": "functional-output/result.xml",
        "reportDir": "functional-output",
        "takePassedScreenshot": false,
        "clearOldScreenshots": true,
        "shortScrFileNames": false
      },
      "version": "4.1.0"
    }
  }
}