{
  "stats": {
    "suites": 2,
    "tests": 4,
    "passes": 4,
    "pending": 0,
    "failures": 0,
    "start": "2021-04-22T11:12:52.671Z",
    "end": "2021-04-22T11:18:15.946Z",
    "duration": 323275,
    "testsRegistered": 4,
    "passPercent": 100,
    "pendingPercent": 0,
    "other": 0,
    "hasOther": false,
    "skipped": 0,
    "hasSkipped": false
  },
  "results": [
    {
      "uuid": "ce9827dc-4ced-466d-b337-c32cb9f5addb",
      "title": "",
      "fullFile": "",
      "file": "",
      "beforeHooks": [],
      "afterHooks": [],
      "tests": [],
      "suites": [
        {
          "uuid": "caf24d4b-02aa-46a0-b939-096b708e8337",
          "title": "CC FeesRegister Admin Acceptance Tests",
          "fullFile": "/Users/johnp/Reform/ccfr-fees-register-admin-web/acceptance-tests/test/end-to-end/tests/CCFeesRegister_ApproverScreenValidation_test.js",
          "file": "/acceptance-tests/test/end-to-end/tests/CCFeesRegister_ApproverScreenValidation_test.js",
          "beforeHooks": [
            {
              "title": "\"before all\" hook: codeceptjs.beforeSuite",
              "fullTitle": "CC FeesRegister Admin Acceptance Tests \"before all\" hook: codeceptjs.beforeSuite",
              "timedOut": false,
              "duration": 1,
              "state": null,
              "speed": null,
              "pass": false,
              "fail": false,
              "pending": false,
              "context": null,
              "code": "scenario.suiteSetup(suite)",
              "err": {},
              "uuid": "b24e3fb0-25db-4286-afa6-0688e4fc0f4d",
              "parentUUID": "caf24d4b-02aa-46a0-b939-096b708e8337",
              "isHook": true,
              "skipped": false
            },
            {
              "title": "\"before all\" hook: BeforeSuite",
              "fullTitle": "CC FeesRegister Admin Acceptance Tests \"before all\" hook: BeforeSuite",
              "timedOut": false,
              "duration": 3,
              "state": null,
              "speed": null,
              "pass": false,
              "fail": false,
              "pending": false,
              "context": null,
              "code": "// I.amOnPage('/');\n// I.wait(CCFRATConstants.twoSecondWaitTime);\n// I.resizeWindow(CCFRATConstants.windowsSizeX, CCFRATConstants.windowsSizeY);",
              "err": {},
              "uuid": "abd444d7-748f-4860-a4a1-0f8395bb6ebb",
              "parentUUID": "caf24d4b-02aa-46a0-b939-096b708e8337",
              "isHook": true,
              "skipped": false
            },
            {
              "title": "\"before each\" hook: codeceptjs.before",
              "fullTitle": "CC FeesRegister Admin Acceptance Tests \"before each\" hook: codeceptjs.before",
              "timedOut": false,
              "duration": 977,
              "state": null,
              "speed": null,
              "pass": false,
              "fail": false,
              "pending": false,
              "context": null,
              "code": "scenario.setup(suite)",
              "err": {},
              "uuid": "8741ca77-fdb9-462c-aa79-ec7d84cef238",
              "parentUUID": "caf24d4b-02aa-46a0-b939-096b708e8337",
              "isHook": true,
              "skipped": false
            }
          ],
          "afterHooks": [
            {
              "title": "\"after all\" hook: codeceptjs.afterSuite",
              "fullTitle": "CC FeesRegister Admin Acceptance Tests \"after all\" hook: codeceptjs.afterSuite",
              "timedOut": false,
              "duration": 1,
              "state": null,
              "speed": null,
              "pass": false,
              "fail": false,
              "pending": false,
              "context": null,
              "code": "scenario.suiteTeardown(suite)",
              "err": {},
              "uuid": "417c22a5-11d2-4a15-88a5-d33f9c3296a1",
              "parentUUID": "caf24d4b-02aa-46a0-b939-096b708e8337",
              "isHook": true,
              "skipped": false
            },
            {
              "title": "\"after each\" hook: finalize codeceptjs",
              "fullTitle": "CC FeesRegister Admin Acceptance Tests \"after each\" hook: finalize codeceptjs",
              "timedOut": false,
              "duration": 55,
              "state": null,
              "speed": null,
              "pass": false,
              "fail": false,
              "pending": false,
              "context": null,
              "code": "scenario.teardown(suite)",
              "err": {},
              "uuid": "c2f12a6f-311a-45d5-a77b-2c2e3323d591",
              "parentUUID": "caf24d4b-02aa-46a0-b939-096b708e8337",
              "isHook": true,
              "skipped": false
            }
          ],
          "tests": [
            {
              "title": "FeesRegister Admin Console Approver Screen Validation",
              "fullTitle": "CC FeesRegister Admin Acceptance Tests: FeesRegister Admin Console Approver Screen Validation",
              "timedOut": false,
              "duration": 49397,
              "state": "passed",
              "speed": "slow",
              "pass": true,
              "fail": false,
              "pending": false,
              "context": null,
              "code": "I.login('functionaltestapprover@hmcts.net', 'LevelAt12');\nI.wait(CCFRATConstants.tenSecondWaitTime);\nI.waitForText('Welcome', CCFRATConstants.tenSecondWaitTime);\nI.see('View all fees');\nI.see('View all discontinued fees');\nI.see('My open actions');\nI.see('Applicants');\nI.see('Jurisdictions 1');\nI.see('Jurisdictions 2');\nI.see('Services');\nI.see('Channels');\nI.see('Events');\nI.see('Directions');\nI.Logout(\"approver\");",
              "err": {},
              "uuid": "fb13cb47-3bc1-4fb0-bdfd-301da79eca57",
              "parentUUID": "caf24d4b-02aa-46a0-b939-096b708e8337",
              "isHook": false,
              "skipped": false
            },
            {
              "title": "FeesRegister Verify New fee for Approval",
              "fullTitle": "CC FeesRegister Admin Acceptance Tests: FeesRegister Verify New fee for Approval",
              "timedOut": false,
              "duration": 143303,
              "state": "passed",
              "speed": "slow",
              "pass": true,
              "fail": false,
              "pending": false,
              "context": null,
              "code": "const feeKeyword = \"SN\" + new Date().valueOf().toString();\nconst submitBtnVisibilityChk = true;\nI.login('functionaltesteditor@hmcts.net', 'LevelAt12');\nI.wait(CCFRATConstants.twoSecondWaitTime);\nI.waitForText('Welcome', CCFRATConstants.tenSecondWaitTime);\nI.see('Add a new fee');\nI.addNewFee(feeKeyword);\n// I.waitForText('Fee Created', CCFRATConstants.tenSecondWaitTime);\nI.see('Fee has been created successfully.');\nI.click('Return to welcome page');\nI.wait(CCFRATConstants.twoSecondWaitTime);\nI.waitForText('Welcome', CCFRATConstants.tenSecondWaitTime);\nI.submitForApproval(feeKeyword, submitBtnVisibilityChk);\nI.Logout(\"editor\");\nI.login('functionaltestapprover@hmcts.net', 'LevelAt12');\nI.wait(CCFRATConstants.twoSecondWaitTime);\nI.waitForText('Welcome', CCFRATConstants.tenSecondWaitTime);\nI.verifyFeesSentForApproval(feeKeyword);\nI.rejectFeesSentForApproval(feeKeyword);\nI.Logout(\"approver\");\nI.login('functionaltesteditor@hmcts.net', 'LevelAt12');\nI.wait(CCFRATConstants.twoSecondWaitTime);\nI.waitForText('Welcome', CCFRATConstants.tenSecondWaitTime);\nI.deleteFees(feeKeyword);\nI.Logout(\"editor\");",
              "err": {},
              "uuid": "e607ff97-2c80-436b-ac19-2e0c4968385d",
              "parentUUID": "caf24d4b-02aa-46a0-b939-096b708e8337",
              "isHook": false,
              "skipped": false
            }
          ],
          "suites": [],
          "passes": [
            "fb13cb47-3bc1-4fb0-bdfd-301da79eca57",
            "e607ff97-2c80-436b-ac19-2e0c4968385d"
          ],
          "failures": [],
          "pending": [],
          "skipped": [],
          "duration": 192700,
          "root": false,
          "rootEmpty": false,
          "_timeout": 0
        },
        {
          "uuid": "329e543e-5ed8-4116-8deb-d7fc62f5abab",
          "title": "CC FeesRegister Admin Acceptance Tests",
          "fullFile": "/Users/johnp/Reform/ccfr-fees-register-admin-web/acceptance-tests/test/end-to-end/tests/CCFeesRegister_EditorScreenValidation_test.js",
          "file": "/acceptance-tests/test/end-to-end/tests/CCFeesRegister_EditorScreenValidation_test.js",
          "beforeHooks": [
            {
              "title": "\"before all\" hook: codeceptjs.beforeSuite",
              "fullTitle": "CC FeesRegister Admin Acceptance Tests \"before all\" hook: codeceptjs.beforeSuite",
              "timedOut": false,
              "duration": 0,
              "state": null,
              "speed": null,
              "pass": false,
              "fail": false,
              "pending": false,
              "context": null,
              "code": "scenario.suiteSetup(suite)",
              "err": {},
              "uuid": "71fc9a39-6673-425d-8d5b-0a70a4d766b3",
              "parentUUID": "329e543e-5ed8-4116-8deb-d7fc62f5abab",
              "isHook": true,
              "skipped": false
            },
            {
              "title": "\"before each\" hook: codeceptjs.before",
              "fullTitle": "CC FeesRegister Admin Acceptance Tests \"before each\" hook: codeceptjs.before",
              "timedOut": false,
              "duration": 948,
              "state": null,
              "speed": null,
              "pass": false,
              "fail": false,
              "pending": false,
              "context": null,
              "code": "scenario.setup(suite)",
              "err": {},
              "uuid": "d2edb63e-d77f-4557-9352-57f384d5c9d1",
              "parentUUID": "329e543e-5ed8-4116-8deb-d7fc62f5abab",
              "isHook": true,
              "skipped": false
            }
          ],
          "afterHooks": [
            {
              "title": "\"after all\" hook: codeceptjs.afterSuite",
              "fullTitle": "CC FeesRegister Admin Acceptance Tests \"after all\" hook: codeceptjs.afterSuite",
              "timedOut": false,
              "duration": 0,
              "state": null,
              "speed": null,
              "pass": false,
              "fail": false,
              "pending": false,
              "context": null,
              "code": "scenario.suiteTeardown(suite)",
              "err": {},
              "uuid": "99919efd-a890-41a2-a373-45de42a84986",
              "parentUUID": "329e543e-5ed8-4116-8deb-d7fc62f5abab",
              "isHook": true,
              "skipped": false
            },
            {
              "title": "\"after each\" hook: finalize codeceptjs",
              "fullTitle": "CC FeesRegister Admin Acceptance Tests \"after each\" hook: finalize codeceptjs",
              "timedOut": false,
              "duration": 49,
              "state": null,
              "speed": null,
              "pass": false,
              "fail": false,
              "pending": false,
              "context": null,
              "code": "scenario.teardown(suite)",
              "err": {},
              "uuid": "98cafc44-69a7-4d48-aec9-43a46c8d269f",
              "parentUUID": "329e543e-5ed8-4116-8deb-d7fc62f5abab",
              "isHook": true,
              "skipped": false
            }
          ],
          "tests": [
            {
              "title": "FeesRegister Admin Console Editor Screen Validation",
              "fullTitle": "CC FeesRegister Admin Acceptance Tests: FeesRegister Admin Console Editor Screen Validation",
              "timedOut": false,
              "duration": 50304,
              "state": "passed",
              "speed": "slow",
              "pass": true,
              "fail": false,
              "pending": false,
              "context": null,
              "code": "I.login('functionaltesteditor@hmcts.net', 'LevelAt12');\nI.wait(CCFRATConstants.tenSecondWaitTime);\nI.waitForText('Welcome', CCFRATConstants.tenSecondWaitTime);\nI.see('Choose an action');\nI.see('Reference Data');\nI.see('Add a new fee');\nI.see('Upload fees');\nI.see('View all fees');\nI.see('View all discontinued fees');\nI.see('My open actions');\nI.see('Applicants');\nI.see('Jurisdictions 1');\nI.see('Jurisdictions 2');\nI.see('Services');\nI.see('Channels');\nI.see('Events');\nI.see('Directions');\nI.Logout(\"editor\");",
              "err": {},
              "uuid": "4d52c461-cd5e-425b-a409-0891c343217e",
              "parentUUID": "329e543e-5ed8-4116-8deb-d7fc62f5abab",
              "isHook": false,
              "skipped": false
            },
            {
              "title": "FeesRegister Add New Fee and Submit for Approval",
              "fullTitle": "CC FeesRegister Admin Acceptance Tests: FeesRegister Add New Fee and Submit for Approval",
              "timedOut": false,
              "duration": 75108,
              "state": "passed",
              "speed": "slow",
              "pass": true,
              "fail": false,
              "pending": false,
              "context": null,
              "code": "const feeKeyword = \"SN\" + new Date().valueOf().toString();\nconst submitBtnVisibilityChk = true;\nI.login('functionaltesteditor@hmcts.net', 'LevelAt12');\nI.wait(CCFRATConstants.twoSecondWaitTime);\nI.waitForText('Welcome', CCFRATConstants.tenSecondWaitTime);\nI.see('Choose an action');\nI.see('Add a new fee');\nI.addNewFee(feeKeyword);\nI.waitForText('Fee Created', CCFRATConstants.twoSecondWaitTime);\nI.see('Fee has been created successfully.');\nI.click('Return to welcome page');\nI.wait(CCFRATConstants.twoSecondWaitTime);\nI.waitForText('Welcome', CCFRATConstants.tenSecondWaitTime);\nI.deleteFees(feeKeyword);\nI.Logout(\"editor\");",
              "err": {},
              "uuid": "717408b7-1295-43c2-a5dd-ebe6174f6058",
              "parentUUID": "329e543e-5ed8-4116-8deb-d7fc62f5abab",
              "isHook": false,
              "skipped": false
            }
          ],
          "suites": [],
          "passes": [
            "4d52c461-cd5e-425b-a409-0891c343217e",
            "717408b7-1295-43c2-a5dd-ebe6174f6058"
          ],
          "failures": [],
          "pending": [],
          "skipped": [],
          "duration": 125412,
          "root": false,
          "rootEmpty": false,
          "_timeout": 0
        }
      ],
      "passes": [],
      "failures": [],
      "pending": [],
      "skipped": [],
      "duration": 0,
      "root": true,
      "rootEmpty": true,
      "_timeout": 0
    }
  ],
  "meta": {
    "mocha": {
      "version": "5.2.0"
    },
    "mochawesome": {
      "options": {
        "quiet": false,
        "reportFilename": "mochawesome",
        "saveHtml": true,
        "saveJson": true,
        "consoleReporter": "spec",
        "useInlineDiffs": false
      },
      "version": "4.1.0"
    },
    "marge": {
      "options": {
        "mochaFile": "functional-output/result.xml",
        "reportDir": "functional-output",
        "takePassedScreenshot": false,
        "clearOldScreenshots": true,
        "shortScrFileNames": false
      },
      "version": "4.1.0"
    }
  }
}