{
  "stats": {
    "suites": 2,
    "tests": 3,
    "passes": 2,
    "pending": 0,
    "failures": 1,
    "start": "2021-06-03T14:37:04.536Z",
    "end": "2021-06-03T14:40:15.806Z",
    "duration": 191270,
    "testsRegistered": 5,
    "passPercent": 40,
    "pendingPercent": 0,
    "other": 0,
    "hasOther": false,
    "skipped": 2,
    "hasSkipped": true
  },
  "results": [
    {
      "uuid": "fab77c24-01fb-4f30-83d7-0d0e64005caf",
      "title": "",
      "fullFile": "",
      "file": "",
      "beforeHooks": [],
      "afterHooks": [],
      "tests": [],
      "suites": [
        {
          "uuid": "7ae5f774-ec9d-4fb6-ac96-d6ddc00a160b",
          "title": "CC FeesRegister Admin Acceptance Tests",
          "fullFile": "/Users/johnp/Reform/ccfr-fees-register-admin-web/acceptance-tests/test/end-to-end/tests/CCFeesRegister_ApproverScreenValidation_test.js",
          "file": "/acceptance-tests/test/end-to-end/tests/CCFeesRegister_ApproverScreenValidation_test.js",
          "beforeHooks": [
            {
              "title": "\"before all\" hook: codeceptjs.beforeSuite",
              "fullTitle": "CC FeesRegister Admin Acceptance Tests \"before all\" hook: codeceptjs.beforeSuite",
              "timedOut": false,
              "duration": 1,
              "state": null,
              "speed": null,
              "pass": false,
              "fail": false,
              "pending": false,
              "context": null,
              "code": "scenario.suiteSetup(suite)",
              "err": {},
              "uuid": "31642e18-9bc6-4ca1-8237-a179cfcdb913",
              "parentUUID": "7ae5f774-ec9d-4fb6-ac96-d6ddc00a160b",
              "isHook": true,
              "skipped": false
            },
            {
              "title": "\"before all\" hook: BeforeSuite",
              "fullTitle": "CC FeesRegister Admin Acceptance Tests \"before all\" hook: BeforeSuite",
              "timedOut": false,
              "duration": 2,
              "state": null,
              "speed": null,
              "pass": false,
              "fail": false,
              "pending": false,
              "context": null,
              "code": "",
              "err": {},
              "uuid": "67cd85a3-725c-4add-b9c9-a9d9d81e88b9",
              "parentUUID": "7ae5f774-ec9d-4fb6-ac96-d6ddc00a160b",
              "isHook": true,
              "skipped": false
            },
            {
              "title": "\"before each\" hook: codeceptjs.before",
              "fullTitle": "CC FeesRegister Admin Acceptance Tests \"before each\" hook: codeceptjs.before",
              "timedOut": false,
              "duration": 2241,
              "state": null,
              "speed": null,
              "pass": false,
              "fail": false,
              "pending": false,
              "context": null,
              "code": "scenario.setup(suite)",
              "err": {},
              "uuid": "016eac21-e041-4761-ba83-bdd1774404fb",
              "parentUUID": "7ae5f774-ec9d-4fb6-ac96-d6ddc00a160b",
              "isHook": true,
              "skipped": false
            }
          ],
          "afterHooks": [
            {
              "title": "\"after all\" hook: codeceptjs.afterSuite",
              "fullTitle": "CC FeesRegister Admin Acceptance Tests \"after all\" hook: codeceptjs.afterSuite",
              "timedOut": false,
              "duration": 0,
              "state": null,
              "speed": null,
              "pass": false,
              "fail": false,
              "pending": false,
              "context": null,
              "code": "scenario.suiteTeardown(suite)",
              "err": {},
              "uuid": "7059cc03-bb96-47b0-878c-f027470686b8",
              "parentUUID": "7ae5f774-ec9d-4fb6-ac96-d6ddc00a160b",
              "isHook": true,
              "skipped": false
            },
            {
              "title": "\"after each\" hook: finalize codeceptjs",
              "fullTitle": "CC FeesRegister Admin Acceptance Tests \"after each\" hook: finalize codeceptjs",
              "timedOut": false,
              "duration": 19,
              "state": null,
              "speed": null,
              "pass": false,
              "fail": false,
              "pending": false,
              "context": null,
              "code": "scenario.teardown(suite)",
              "err": {},
              "uuid": "5f758c6a-fe9e-44f7-8625-702138aead4b",
              "parentUUID": "7ae5f774-ec9d-4fb6-ac96-d6ddc00a160b",
              "isHook": true,
              "skipped": false
            }
          ],
          "tests": [
            {
              "title": "FeesRegister Admin Console Approver Screen Validation",
              "fullTitle": "CC FeesRegister Admin Acceptance Tests: FeesRegister Admin Console Approver Screen Validation",
              "timedOut": false,
              "duration": 36227,
              "state": "passed",
              "speed": "slow",
              "pass": true,
              "fail": false,
              "pending": false,
              "context": null,
              "code": "I.login('functionaltestapprover@hmcts.net', 'LevelAt12');\nI.wait(CCFRATConstants.tenSecondWaitTime);\nI.waitForText('Live fees', CCFRATConstants.tenSecondWaitTime);\n// to-do based on updates and future stories\nI.Logout(\"approver\");",
              "err": {},
              "uuid": "dafc1514-b60d-4460-8c6a-99705027a770",
              "parentUUID": "7ae5f774-ec9d-4fb6-ac96-d6ddc00a160b",
              "isHook": false,
              "skipped": false
            },
            {
              "title": "FeesRegister Verify New fee for Approval",
              "fullTitle": "CC FeesRegister Admin Acceptance Tests: FeesRegister Verify New fee for Approval",
              "timedOut": false,
              "duration": 28504,
              "state": "passed",
              "speed": "slow",
              "pass": true,
              "fail": false,
              "pending": false,
              "context": null,
              "code": "const feeKeyword = \"SN\" + new Date().valueOf().toString();\nconst submitBtnVisibilityChk = true;\nI.login('functionaltesteditor@hmcts.net', 'LevelAt12');\nI.wait(CCFRATConstants.twoSecondWaitTime);\nI.waitForText('Live fees', CCFRATConstants.tenSecondWaitTime);\n// to-do based on updates and future stories\nI.Logout(\"editor\");",
              "err": {},
              "uuid": "a328aa01-a51b-4909-bc08-dce1eb3a6f3c",
              "parentUUID": "7ae5f774-ec9d-4fb6-ac96-d6ddc00a160b",
              "isHook": false,
              "skipped": false
            }
          ],
          "suites": [],
          "passes": [
            "dafc1514-b60d-4460-8c6a-99705027a770",
            "a328aa01-a51b-4909-bc08-dce1eb3a6f3c"
          ],
          "failures": [],
          "pending": [],
          "skipped": [],
          "duration": 64731,
          "root": false,
          "rootEmpty": false,
          "_timeout": 0
        },
        {
          "uuid": "b804d794-354c-4b01-b592-83c67fe7e6f4",
          "title": "CC FeesRegister Admin Acceptance Tests For Live Fees",
          "fullFile": "/Users/johnp/Reform/ccfr-fees-register-admin-web/acceptance-tests/test/end-to-end/tests/CCFeesRegister_EditorScreenValidation_test.js",
          "file": "/acceptance-tests/test/end-to-end/tests/CCFeesRegister_EditorScreenValidation_test.js",
          "beforeHooks": [
            {
              "title": "\"before all\" hook: codeceptjs.beforeSuite",
              "fullTitle": "CC FeesRegister Admin Acceptance Tests For Live Fees \"before all\" hook: codeceptjs.beforeSuite",
              "timedOut": false,
              "duration": 0,
              "state": null,
              "speed": null,
              "pass": false,
              "fail": false,
              "pending": false,
              "context": null,
              "code": "scenario.suiteSetup(suite)",
              "err": {},
              "uuid": "22ff947c-4128-4cda-a120-daa17cc68f2a",
              "parentUUID": "b804d794-354c-4b01-b592-83c67fe7e6f4",
              "isHook": true,
              "skipped": false
            },
            {
              "title": "\"before each\" hook: codeceptjs.before",
              "fullTitle": "CC FeesRegister Admin Acceptance Tests For Live Fees \"before each\" hook: codeceptjs.before",
              "timedOut": false,
              "duration": 2301,
              "state": null,
              "speed": null,
              "pass": false,
              "fail": false,
              "pending": false,
              "context": null,
              "code": "scenario.setup(suite)",
              "err": {},
              "uuid": "a541c3c5-dc4f-4110-9190-0b9c0c5b4ac6",
              "parentUUID": "b804d794-354c-4b01-b592-83c67fe7e6f4",
              "isHook": true,
              "skipped": false
            }
          ],
          "afterHooks": [
            {
              "title": "\"after all\" hook: codeceptjs.afterSuite",
              "fullTitle": "CC FeesRegister Admin Acceptance Tests For Live Fees \"after all\" hook: codeceptjs.afterSuite",
              "timedOut": false,
              "duration": 0,
              "state": null,
              "speed": null,
              "pass": false,
              "fail": false,
              "pending": false,
              "context": null,
              "code": "scenario.suiteTeardown(suite)",
              "err": {},
              "uuid": "42bfc54c-c7cb-4ce1-8e05-228dc2bef47f",
              "parentUUID": "b804d794-354c-4b01-b592-83c67fe7e6f4",
              "isHook": true,
              "skipped": false
            },
            {
              "title": "\"after each\" hook: finalize codeceptjs",
              "fullTitle": "CC FeesRegister Admin Acceptance Tests For Live Fees \"after each\" hook: finalize codeceptjs",
              "timedOut": false,
              "duration": 13,
              "state": null,
              "speed": null,
              "pass": false,
              "fail": false,
              "pending": false,
              "context": null,
              "code": "scenario.teardown(suite)",
              "err": {},
              "uuid": "6fdc8cd1-ae5f-47e6-8904-1a954943b14c",
              "parentUUID": "b804d794-354c-4b01-b592-83c67fe7e6f4",
              "isHook": true,
              "skipped": false
            }
          ],
          "tests": [
            {
              "title": "FeesRegister Admin Console Editor Screen For Live Fees",
              "fullTitle": "CC FeesRegister Admin Acceptance Tests For Live Fees: FeesRegister Admin Console Editor Screen For Live Fees",
              "timedOut": false,
              "duration": 27718,
              "state": "failed",
              "speed": null,
              "pass": false,
              "fail": true,
              "pending": false,
              "context": "\"FeesRegist_045569d4-e11a-449f-968c-a6978ae6487b.failed.png\"",
              "code": "I.login('functionaltesteditor@hmcts.net', 'LevelAt12');\nI.wait(CCFRATConstants.tenSecondWaitTime);\n// to-do based on updates and future stories\nLogger.info('Verifying the Live Fees ');\nI.verifyLiveFees();\nLogger.info('Live Fees page Verified');\nI.Logout(\"editor\");",
              "err": {
                "message": "TypeError: Logger.info is not a function",
                "estack": "Logger.info is not a function",
                "diff": null
              },
              "uuid": "045569d4-e11a-449f-968c-a6978ae6487b",
              "parentUUID": "b804d794-354c-4b01-b592-83c67fe7e6f4",
              "isHook": false,
              "skipped": false
            },
            {
              "title": "FeesRegister Admin Console Editor Screen For Approved but not live fees",
              "fullTitle": "CC FeesRegister Admin Acceptance Tests For Live Fees: FeesRegister Admin Console Editor Screen For Approved but not live fees",
              "timedOut": false,
              "duration": 0,
              "state": null,
              "speed": null,
              "pass": false,
              "fail": false,
              "pending": false,
              "context": null,
              "code": "I.login('functionaltesteditor@hmcts.net', 'LevelAt12');\nI.wait(CCFRATConstants.tenSecondWaitTime);\nI.waitForText('Approved but not live fees', CCFRATConstants.tenSecondWaitTime);\nI.click('Approved but not live fees');\nI.waitForText('Code', CCFRATConstants.tenSecondWaitTime);\nI.waitForText('Description', CCFRATConstants.tenSecondWaitTime);\nI.waitForText('Jurisdiction2', CCFRATConstants.tenSecondWaitTime);\n// to-do based on updates and future stories\nI.Logout(\"editor\");",
              "err": {},
              "uuid": "f3fb89a8-6d5e-4ad9-8a5f-5bd420a4d800",
              "parentUUID": "b804d794-354c-4b01-b592-83c67fe7e6f4",
              "isHook": false,
              "skipped": true
            },
            {
              "title": "FeesRegister Add New Fee and Submit for Approval",
              "fullTitle": "CC FeesRegister Admin Acceptance Tests For Live Fees: FeesRegister Add New Fee and Submit for Approval",
              "timedOut": false,
              "duration": 0,
              "state": null,
              "speed": null,
              "pass": false,
              "fail": false,
              "pending": false,
              "context": null,
              "code": "const feeKeyword = \"SN\" + new Date().valueOf().toString();\nconst submitBtnVisibilityChk = true;\nI.login('functionaltesteditor@hmcts.net', 'LevelAt12');\nI.wait(CCFRATConstants.twoSecondWaitTime);\nI.waitForText('Live fees', CCFRATConstants.tenSecondWaitTime);\n// to-do based on updates and future stories\nI.Logout(\"editor\");",
              "err": {},
              "uuid": "693da65e-db96-4589-83ad-02e366421f4b",
              "parentUUID": "b804d794-354c-4b01-b592-83c67fe7e6f4",
              "isHook": false,
              "skipped": true
            }
          ],
          "suites": [],
          "passes": [],
          "failures": [
            "045569d4-e11a-449f-968c-a6978ae6487b"
          ],
          "pending": [],
          "skipped": [
            "f3fb89a8-6d5e-4ad9-8a5f-5bd420a4d800",
            "693da65e-db96-4589-83ad-02e366421f4b"
          ],
          "duration": 27718,
          "root": false,
          "rootEmpty": false,
          "_timeout": 0
        }
      ],
      "passes": [],
      "failures": [],
      "pending": [],
      "skipped": [],
      "duration": 0,
      "root": true,
      "rootEmpty": true,
      "_timeout": 0
    }
  ],
  "meta": {
    "mocha": {
      "version": "5.2.0"
    },
    "mochawesome": {
      "options": {
        "quiet": false,
        "reportFilename": "mochawesome",
        "saveHtml": true,
        "saveJson": true,
        "consoleReporter": "spec",
        "useInlineDiffs": false
      },
      "version": "4.1.0"
    },
    "marge": {
      "options": {
        "mochaFile": "functional-output/result.xml",
        "reportDir": "functional-output",
        "takePassedScreenshot": false,
        "clearOldScreenshots": true,
        "shortScrFileNames": false
      },
      "version": "4.1.0"
    }
  }
}